\BOOKMARK [0][-]{chapter*.2}{\376\377\000M\000o\000t\000i\000v\000a\002\033\000i\000e}{}% 1
\BOOKMARK [0][-]{chapter*.3}{\376\377\000I\000n\000t\000r\000o\000d\000u\000c\000e\000r\000e}{}% 2
\BOOKMARK [1][-]{subsection.0.0.1}{\376\377\000S\000c\000o\000p\000u\000l\000\040\000d\000o\000c\000u\000m\000e\000n\000t\000u\000l\000u\000i}{chapter*.3}% 3
\BOOKMARK [2][-]{subsection.0.0.2}{\376\377\000S\000c\000o\000p\000u\000l\000\040\000a\000p\000l\000i\000c\000a\002\033\000i\000e\000i}{subsection.0.0.1}% 4
\BOOKMARK [2][-]{subsection.0.0.3}{\376\377\000M\000o\000d\000u\000l\000\040\000d\000e\000\040\000i\000m\000p\000l\000e\000m\000e\000n\000t\000a\000r\000e}{subsection.0.0.1}% 5
\BOOKMARK [0][-]{chapter.1}{\376\377\000T\000e\000o\000r\000i\000i\000\040\002\031\000i\000\040\000t\000e\000h\000n\000o\000l\000o\000g\000i\000i\000\040\000u\000t\000i\000l\000i\000z\000a\000t\000e}{}% 6
\BOOKMARK [1][-]{section.1.1}{\376\377\000A\000n\000g\000u\000l\000a\000r}{chapter.1}% 7
\BOOKMARK [2][-]{subsection.1.1.1}{\376\377\000S\000c\000u\000r\000t\000\040\000i\000s\000t\000o\000r\000i\000c}{section.1.1}% 8
\BOOKMARK [2][-]{subsection.1.1.2}{\376\377\000P\000a\000r\000t\000i\000c\000u\000l\000a\000r\000i\000t\001\003\002\033\000i}{section.1.1}% 9
\BOOKMARK [1][-]{section.1.2}{\376\377\000S\000p\000r\000i\000n\000g\000\040\000B\000o\000o\000t}{chapter.1}% 10
\BOOKMARK [2][-]{subsection.1.2.1}{\376\377\000S\000c\000u\000r\000t\000\040\000i\000s\000t\000o\000r\000i\000c}{section.1.2}% 11
\BOOKMARK [2][-]{subsection.1.2.2}{\376\377\000M\000o\000t\000i\000v\000a\002\033\000i\000e}{section.1.2}% 12
\BOOKMARK [2][-]{subsection.1.2.3}{\376\377\000P\000a\000r\000t\000i\000c\000u\000l\000a\000r\000i\000t\001\003\002\033\000i}{section.1.2}% 13
\BOOKMARK [1][-]{section.1.3}{\376\377\000C\000l\000o\000u\000d\000\040\000F\000i\000r\000e\000s\000t\000o\000r\000e}{chapter.1}% 14
\BOOKMARK [2][-]{subsection.1.3.1}{\376\377\000P\000a\000r\000t\000i\000c\000u\000l\000a\000r\000i\000t\001\003\002\033\000i}{section.1.3}% 15
\BOOKMARK [2][-]{subsection.1.3.2}{\376\377\000A\000v\000a\000n\000t\000a\000j\000e}{section.1.3}% 16
\BOOKMARK [2][-]{subsection.1.3.3}{\376\377\000A\000p\000l\000i\000c\000a\000b\000i\000l\000i\000t\000a\000t\000e}{section.1.3}% 17
\BOOKMARK [1][-]{section.1.4}{\376\377\000A\000l\000g\000o\000r\000i\000t\000m\000i\000c\000a}{chapter.1}% 18
\BOOKMARK [2][-]{subsection.1.4.1}{\376\377\000P\000r\000o\000b\000l\000e\000m\000a\000\040\000s\000t\000a\000b\000l\000e\000\040\000m\000a\000t\000c\000h\000i\000n\000g\000\040\000\050\000S\000M\000P\000\051}{section.1.4}% 19
\BOOKMARK [2][-]{subsection.1.4.2}{\376\377\000A\000l\000g\000o\000r\000i\000t\000m\000u\000l\000\040\000G\000a\000l\000e\000-\000S\000h\000a\000p\000l\000e\000y}{section.1.4}% 20
\BOOKMARK [2][-]{subsection.1.4.3}{\376\377\000I\000n\000s\000t\000a\000n\002\033\000a\000\040\000p\000r\000o\000b\000l\000e\000m\000e\000i\000\040\000p\000r\000e\000z\000e\000n\000t\000e}{section.1.4}% 21
\BOOKMARK [0][-]{chapter.2}{\376\377\000T\000i\000t\000l\000u\000l\000\040\000c\000e\000l\000u\000i\000\040\000d\000e\000-\000a\000l\000\040\000d\000o\000i\000l\000e\000a\000\040\000c\000a\000p\000i\000t\000o\000l}{}% 22
\BOOKMARK [1][-]{section.2.1}{\376\377\000T\000i\000t\000l\000u\000l\000\040\000s\000e\000c\002\033\000i\000u\000n\000i\000i\000\040\0001}{chapter.2}% 23
\BOOKMARK [1][-]{section.2.2}{\376\377\000T\000i\000t\000l\000u\000l\000\040\000s\000e\000c\002\033\000i\000u\000n\000i\000i\000\040\0002}{chapter.2}% 24
\BOOKMARK [1][-]{section.2.3}{\376\377\000T\000i\000t\000l\000u\000l\000\040\000s\000e\000c\002\033\000i\000u\000n\000i\000i\000\040\0003}{chapter.2}% 25
\BOOKMARK [0][-]{chapter.3}{\376\377\000T\000i\000t\000l\000u\000l\000\040\000c\000e\000l\000u\000i\000\040\000d\000e\000-\000a\000l\000\040\000t\000r\000e\000i\000l\000e\000a\000\040\000c\000a\000p\000i\000t\000o\000l}{}% 26
\BOOKMARK [1][-]{section.3.1}{\376\377\000T\000i\000t\000l\000u\000l\000\040\000s\000e\000c\002\033\000i\000u\000n\000i\000i\000\040\0001}{chapter.3}% 27
\BOOKMARK [1][-]{section.3.2}{\376\377\000T\000i\000t\000l\000u\000l\000\040\000s\000e\000c\002\033\000i\000u\000n\000i\000i\000\040\0002}{chapter.3}% 28
\BOOKMARK [0][-]{chapter*.4}{\376\377\000C\000o\000n\000c\000l\000u\000z\000i\000i}{}% 29
\BOOKMARK [0][-]{chapter*.5}{\376\377\000B\000i\000b\000l\000i\000o\000g\000r\000a\000f\000i\000e}{}% 30
